TN:
SF:/Users/ingeek/workspace/yuleOSH/templates/gpio-led-chaser/src/main.c
FNL:0,122,127
FNA:0,28,led_chaser_set_mode
FNL:1,129,130
FNA:1,20,led_chaser_get_mode
FNL:2,134,168
FNA:2,116,led_chaser_tick
FNL:3,171,186
FNA:3,720,led_chaser_handle_button
FNL:4,30,39
FNA:4,20,gpio_write
FNL:5,41,46
FNA:5,720,gpio_read
FNL:6,61,66
FNA:6,60,led_chaser_chase_mask
FNL:7,70,79
FNA:7,164,led_chaser_bounce_mask
FNL:8,86,97
FNA:8,20,led_chaser_init
FNL:9,99,119
FNA:9,224,led_chaser_current_mask
FNF:10
FNH:10
BRDA:31,0,0,1
BRDA:31,0,1,1
BRDA:31,0,2,0
BRDA:31,0,3,1
BRDA:34,0,0,1
BRDA:34,0,1,1
BRDA:42,0,0,1
BRDA:42,0,1,0
BRDA:42,0,2,0
BRDA:42,0,3,1
BRDA:63,0,0,1
BRDA:63,0,1,1
BRDA:72,0,0,1
BRDA:72,0,1,1
BRDA:74,0,0,0
BRDA:74,0,1,1
BRDA:76,0,0,1
BRDA:76,0,1,1
BRDA:77,0,0,0
BRDA:77,0,1,1
BRDA:101,0,0,1
BRDA:101,0,1,0
BRDA:101,0,2,1
BRDA:101,0,3,1
BRDA:101,0,4,1
BRDA:123,0,0,1
BRDA:123,0,1,1
BRDA:136,0,0,0
BRDA:136,0,1,0
BRDA:136,0,2,1
BRDA:136,0,3,1
BRDA:136,0,4,1
BRDA:141,0,0,1
BRDA:141,0,1,1
BRDA:142,0,0,1
BRDA:142,0,1,0
BRDA:149,0,0,1
BRDA:149,0,1,0
BRDA:174,0,0,1
BRDA:174,0,1,1
BRDA:175,0,0,1
BRDA:175,0,1,1
BRDA:178,0,0,1
BRDA:178,0,1,1
BRDA:178,0,2,1
BRDA:178,0,3,1
BRF:46
BRH:36
DA:30,20
DA:31,20
DA:32,4
DA:34,16
DA:35,12
DA:36,12
DA:37,4
DA:39,20
DA:41,720
DA:42,720
DA:43,0
DA:45,720
DA:46,720
DA:61,60
DA:62,60
DA:63,60
DA:64,8
DA:65,8
DA:66,60
DA:70,164
DA:71,164
DA:72,164
DA:73,8
DA:74,8
DA:75,8
DA:76,164
DA:77,12
DA:78,12
DA:79,164
DA:86,20
DA:87,20
DA:88,20
DA:89,20
DA:90,20
DA:97,20
DA:99,224
DA:100,224
DA:101,224
DA:103,44
DA:104,44
DA:106,164
DA:107,164
DA:109,12
DA:110,12
DA:113,4
DA:114,4
DA:116,0
DA:117,0
DA:119,224
DA:122,28
DA:123,28
DA:124,24
DA:125,24
DA:127,28
DA:129,20
DA:130,20
DA:134,116
DA:135,116
DA:136,116
DA:138,32
DA:139,32
DA:141,80
DA:142,52
DA:143,52
DA:144,52
DA:145,0
DA:146,0
DA:148,52
DA:149,28
DA:150,28
DA:151,28
DA:152,0
DA:153,0
DA:156,80
DA:158,4
DA:159,4
DA:161,0
DA:162,0
DA:164,0
DA:167,116
DA:168,116
DA:171,720
DA:174,720
DA:175,520
DA:176,400
DA:177,400
DA:178,520
DA:179,8
DA:180,8
DA:181,8
DA:182,520
DA:183,200
DA:184,200
DA:186,720
LF:94
LH:84
end_of_record
