Start testing: Sep 04 01:08 CST
----------------------------------------------------------
1/1 Testing: led_chaser_tests
1/1 Test: led_chaser_tests
Command: "/Users/ingeek/workspace/yuleOSH/templates/gpio-led-chaser/cmake-build-coverage/test_runner"
Directory: /Users/ingeek/workspace/yuleOSH/templates/gpio-led-chaser/cmake-build-coverage
"led_chaser_tests" start time: Sep 04 01:08 CST
Output:
----------------------------------------------------------
[led_chaser] unit tests
  ok: led_chaser_chase_mask(0) == 0x01U
  ok: led_chaser_chase_mask(7) == 0x80U
  ok: led_chaser_chase_mask(8) == 0x01U
  ok: led_chaser_chase_mask(255) == 0x80U
  ok: led_chaser_current_mask() == 0x01U
  ok: led_chaser_current_mask() == 0x02U
  ok: led_chaser_current_mask() == 0x01U
  ok: first != 0U
  ok: monotonic_ok == 1
  ok: b0 != b1
  ok: (b0 == 0xFFU && b1 == 0x00U) || (b0 == 0x00U && b1 == 0xFFU)
  ok: led_chaser_current_mask() == 0xFFU
  ok: g_gpio_out[0] == 0x08U
  ok: g_gpio_out[0] == 0x00U
  ok: g_gpio_out[0] == 0x81U
  ok: g_gpio_out[0] == 0x81U
  ok: led_chaser_get_mode() == LED_MODE_CHASE
  ok: led_chaser_get_mode() == LED_MODE_BOUNCE
  ok: led_chaser_get_mode() == LED_MODE_BOUNCE
  ok: led_chaser_get_mode() == LED_MODE_BLINK_ALL
  ok: led_chaser_get_mode() == LED_MODE_BLINK_ALL

ALL LED CHASER TESTS PASSED
<end of output>
Test time =   0.00 sec
----------------------------------------------------------
Test Passed.
"led_chaser_tests" end time: Sep 04 01:08 CST
"led_chaser_tests" time elapsed: 00:00:00
----------------------------------------------------------

End testing: Sep 04 01:08 CST
